<?xml version="1.0" encoding="UTF-8"?>
<!-- Generated by org.testng.reporters.JUnitXMLReporter -->
<testsuite hostname="ATMECSINLT-184" ignored="0" name="Default test" tests="9" failures="0" timestamp="06 Apr 2021 07:51:34 GMT" time="2.001" errors="0">
  <testcase name="@BeforeTest intitailizeBrowser" time="0.0" classname="com.atmecs.frameworkForTraining.testBase.TestBase">
    <failure type="org.testng.TestNGException" message="
Parameter &amp;apos;browser&amp;apos; is required by BeforeTest on method intitailizeBrowser but has not been marked @Optional or defined
in C:\Users\Harshitha.Shivappa\AppData\Local\Temp\testng-eclipse-1944649085\testng-customsuite.xml">
      <![CDATA[org.testng.TestNGException: 
Parameter 'browser' is required by BeforeTest on method intitailizeBrowser but has not been marked @Optional or defined
in C:\Users\Harshitha.Shivappa\AppData\Local\Temp\testng-eclipse-1944649085\testng-customsuite.xml
at org.testng.internal.Parameters.createParams(Parameters.java:290)
at org.testng.internal.Parameters.createParametersForMethod(Parameters.java:359)
at org.testng.internal.Parameters.createParameters(Parameters.java:620)
at org.testng.internal.Parameters.createConfigurationParameters(Parameters.java:190)
at org.testng.internal.Invoker.invokeConfigurations(Invoker.java:209)
at org.testng.internal.Invoker.invokeConfigurations(Invoker.java:142)
at org.testng.TestRunner.beforeRun(TestRunner.java:529)
at org.testng.TestRunner.run(TestRunner.java:497)
at org.testng.SuiteRunner.runTest(SuiteRunner.java:455)
at org.testng.SuiteRunner.runSequentially(SuiteRunner.java:450)
at org.testng.SuiteRunner.privateRun(SuiteRunner.java:415)
at org.testng.SuiteRunner.run(SuiteRunner.java:364)
at org.testng.SuiteRunnerWorker.runSuite(SuiteRunnerWorker.java:52)
at org.testng.SuiteRunnerWorker.run(SuiteRunnerWorker.java:84)
at org.testng.TestNG.runSuitesSequentially(TestNG.java:1208)
at org.testng.TestNG.runSuitesLocally(TestNG.java:1137)
at org.testng.TestNG.runSuites(TestNG.java:1049)
at org.testng.TestNG.run(TestNG.java:1017)
at org.testng.remote.AbstractRemoteTestNG.run(AbstractRemoteTestNG.java:115)
at org.testng.remote.RemoteTestNG.initAndRun(RemoteTestNG.java:251)
at org.testng.remote.RemoteTestNG.main(RemoteTestNG.java:77)
]]>
    </failure>
  </testcase> <!-- @BeforeTest intitailizeBrowser -->
  <testcase name="@BeforeClass invokeBrowser" time="0.0" classname="com.atmecs.frameworkForTraining.testscript.TestHomePage">
    <skipped/>
  </testcase> <!-- @BeforeClass invokeBrowser -->
  <testcase name="@AfterTest closeBrowser" time="0.0" classname="com.atmecs.frameworkForTraining.testBase.TestBase">
    <skipped/>
  </testcase> <!-- @AfterTest closeBrowser -->
  <testcase name="validateHeader" time="0.0" classname="com.atmecs.frameworkForTraining.testscript.TestHomePage">
    <skipped/>
  </testcase> <!-- validateHeader -->
  <testcase name="validateHeader" time="0.0" classname="com.atmecs.frameworkForTraining.testscript.TestHomePage">
    <skipped/>
  </testcase> <!-- validateHeader -->
  <testcase name="validateHeader" time="0.0" classname="com.atmecs.frameworkForTraining.testscript.TestHomePage">
    <skipped/>
  </testcase> <!-- validateHeader -->
  <testcase name="validateHeader" time="0.0" classname="com.atmecs.frameworkForTraining.testscript.TestHomePage">
    <skipped/>
  </testcase> <!-- validateHeader -->
  <testcase name="validateHeader" time="0.0" classname="com.atmecs.frameworkForTraining.testscript.TestHomePage">
    <skipped/>
  </testcase> <!-- validateHeader -->
  <testcase name="validateHeader" time="0.0" classname="com.atmecs.frameworkForTraining.testscript.TestHomePage">
    <skipped/>
  </testcase> <!-- validateHeader -->
  <testcase name="validateHeader" time="0.0" classname="com.atmecs.frameworkForTraining.testscript.TestHomePage">
    <skipped/>
  </testcase> <!-- validateHeader -->
  <testcase name="validateHeader" time="0.0" classname="com.atmecs.frameworkForTraining.testscript.TestHomePage">
    <skipped/>
  </testcase> <!-- validateHeader -->
  <testcase name="validateHeader" time="0.0" classname="com.atmecs.frameworkForTraining.testscript.TestHomePage">
    <skipped/>
  </testcase> <!-- validateHeader -->
</testsuite> <!-- Default test -->
